<?xml version="1.0" encoding="UTF-8"?>
<testng-results skipped="0" failed="1" ignored="0" total="1" passed="0">
  <reporter-output>
  </reporter-output>
  <suite name="Default suite" duration-ms="24979" started-at="2019-01-31T07:51:30Z" finished-at="2019-01-31T07:51:55Z">
    <groups>
    </groups>
    <test name="Default test" duration-ms="24979" started-at="2019-01-31T07:51:30Z" finished-at="2019-01-31T07:51:55Z">
      <class name="HybridFramework.Testscases.LoginPageTest">
        <test-method status="PASS" signature="launchBrowser()[pri:0, instance:HybridFramework.Testscases.LoginPageTest@7b2bbc3]" name="launchBrowser" is-config="true" duration-ms="15516" started-at="2019-01-31T13:21:30Z" finished-at="2019-01-31T13:21:45Z">
          <reporter-output>
          </reporter-output>
        </test-method> <!-- launchBrowser -->
        <test-method status="FAIL" signature="testloginToApplication()[pri:0, instance:HybridFramework.Testscases.LoginPageTest@7b2bbc3]" name="testloginToApplication" duration-ms="8655" started-at="2019-01-31T13:21:45Z" finished-at="2019-01-31T13:21:54Z">
          <exception class="java.lang.NullPointerException">
            <full-stacktrace>
              <![CDATA[java.lang.NullPointerException
	at org.openqa.selenium.support.ui.ExpectedConditions.elementIfVisible(ExpectedConditions.java:315)
	at org.openqa.selenium.support.ui.ExpectedConditions.access$100(ExpectedConditions.java:44)
	at org.openqa.selenium.support.ui.ExpectedConditions$10.apply(ExpectedConditions.java:301)
	at org.openqa.selenium.support.ui.ExpectedConditions$10.apply(ExpectedConditions.java:298)
	at org.openqa.selenium.support.ui.FluentWait.until(FluentWait.java:260)
	at HybridFramework.helper.HybridFramework_Wait.waitForElement(HybridFramework_Wait.java:183)
	at HybridFramework.PageObjects.MyAccountpage.<init>(MyAccountpage.java:29)
	at HybridFramework.PageObjects.Loginpage.clickonSignInbutton(Loginpage.java:103)
	at HybridFramework.PageObjects.Loginpage.loginToApplication(Loginpage.java:142)
	at HybridFramework.Testscases.LoginPageTest.testloginToApplication(LoginPageTest.java:30)
	at sun.reflect.NativeMethodAccessorImpl.invoke0(Native Method)
	at sun.reflect.NativeMethodAccessorImpl.invoke(NativeMethodAccessorImpl.java:62)
	at sun.reflect.DelegatingMethodAccessorImpl.invoke(DelegatingMethodAccessorImpl.java:43)
	at java.lang.reflect.Method.invoke(Method.java:498)
	at org.testng.internal.MethodInvocationHelper.invokeMethod(MethodInvocationHelper.java:108)
	at org.testng.internal.Invoker.invokeMethod(Invoker.java:661)
	at org.testng.internal.Invoker.invokeTestMethod(Invoker.java:869)
	at org.testng.internal.Invoker.invokeTestMethods(Invoker.java:1193)
	at org.testng.internal.TestMethodWorker.invokeTestMethods(TestMethodWorker.java:126)
	at org.testng.internal.TestMethodWorker.run(TestMethodWorker.java:109)
	at org.testng.TestRunner.privateRun(TestRunner.java:744)
	at org.testng.TestRunner.run(TestRunner.java:602)
	at org.testng.SuiteRunner.runTest(SuiteRunner.java:380)
	at org.testng.SuiteRunner.runSequentially(SuiteRunner.java:375)
	at org.testng.SuiteRunner.privateRun(SuiteRunner.java:340)
	at org.testng.SuiteRunner.run(SuiteRunner.java:289)
	at org.testng.SuiteRunnerWorker.runSuite(SuiteRunnerWorker.java:52)
	at org.testng.SuiteRunnerWorker.run(SuiteRunnerWorker.java:86)
	at org.testng.TestNG.runSuitesSequentially(TestNG.java:1301)
	at org.testng.TestNG.runSuitesLocally(TestNG.java:1226)
	at org.testng.TestNG.runSuites(TestNG.java:1144)
	at org.testng.TestNG.run(TestNG.java:1115)
	at org.testng.remote.AbstractRemoteTestNG.run(AbstractRemoteTestNG.java:114)
	at org.testng.remote.RemoteTestNG.initAndRun(RemoteTestNG.java:251)
	at org.testng.remote.RemoteTestNG.main(RemoteTestNG.java:77)
]]>
            </full-stacktrace>
          </exception> <!-- java.lang.NullPointerException -->
          <reporter-output>
          </reporter-output>
        </test-method> <!-- testloginToApplication -->
        <test-method status="PASS" signature="quitBrowser()[pri:0, instance:HybridFramework.Testscases.LoginPageTest@7b2bbc3]" name="quitBrowser" is-config="true" duration-ms="787" started-at="2019-01-31T13:21:54Z" finished-at="2019-01-31T13:21:55Z">
          <reporter-output>
          </reporter-output>
        </test-method> <!-- quitBrowser -->
      </class> <!-- HybridFramework.Testscases.LoginPageTest -->
    </test> <!-- Default test -->
  </suite> <!-- Default suite -->
</testng-results>
